SF:wesm/app
DA:1,1
DA:4,1
DA:6,1
DA:8,1
DA:14,1
DA:16,1
LF:6
LH:6
end_of_record
SF:wesm/components/app-version
DA:1,1
DA:5,1
DA:6,1
DA:8,1
LF:4
LH:4
end_of_record
SF:wesm/controllers/array
DA:1,1
DA:4,1
LF:2
LH:2
end_of_record
SF:wesm/controllers/object
DA:1,1
DA:4,1
LF:2
LH:2
end_of_record
SF:wesm/helpers/pluralize
DA:1,1
DA:4,1
LF:2
LH:2
end_of_record
SF:wesm/helpers/singularize
DA:1,1
DA:4,1
LF:2
LH:2
end_of_record
SF:wesm/resolver
DA:1,1
DA:4,1
LF:2
LH:2
end_of_record
SF:wesm/router
DA:1,1
DA:4,1
DA:6,1
DA:10,1
DA:11,0
DA:14,0
DA:15,0
DA:21,1
LF:8
LH:5
end_of_record