SF:wesm-ember-app/router
DA:1,1
DA:4,1
DA:6,1
DA:10,1
DA:11,0
DA:12,0
DA:16,0
DA:17,0
DA:18,0
DA:21,0
DA:24,0
DA:25,0
DA:26,0
DA:29,0
DA:34,1
LF:15
LH:5
end_of_record
SF:wesm-ember-app/components/auth/login-form
DA:1,1
DA:4,1
DA:6,1
DA:10,0
DA:15,1
LF:5
LH:4
end_of_record
SF:wesm-ember-app/components/auth/login-logout-link
DA:1,1
DA:4,1
DA:6,1
DA:10,1
LF:4
LH:4
end_of_record
SF:wesm-ember-app/components/auth/login-status
DA:1,1
DA:4,1
DA:6,1
DA:11,0
DA:12,0
DA:14,0
DA:18,1
LF:7
LH:4
end_of_record
SF:wesm-ember-app/components/blog-post
DA:1,1
DA:4,1
DA:6,1
DA:13,2
DA:16,2
DA:17,2
DA:18,0
DA:23,1
LF:8
LH:7
end_of_record
SF:wesm-ember-app/controllers/application
DA:1,1
DA:4,1
DA:6,1
DA:9,0
DA:14,1
LF:5
LH:4
end_of_record
SF:wesm-ember-app/helpers/moment-calendar
DA:1,1
DA:4,1
DA:7,3
DA:10,1
DA:13,0
LF:5
LH:4
end_of_record
SF:wesm-ember-app/components/markdown-content
DA:1,1
DA:4,1
DA:6,1
DA:16,0
DA:17,0
DA:18,0
DA:19,0
DA:20,0
DA:21,0
DA:23,0
DA:26,0
DA:29,0
DA:33,0
DA:34,0
DA:40,4
DA:41,4
DA:42,4
DA:43,4
DA:47,1
LF:19
LH:8
end_of_record
SF:wesm-ember-app/components/fa-icon
DA:1,1
DA:4,1
DA:6,1
DA:8,1
LF:4
LH:4
end_of_record
SF:wesm-ember-app/components/markdown-editor
DA:1,1
DA:4,1
DA:6,1
DA:10,2
DA:11,2
DA:27,0
DA:31,0
DA:32,0
DA:33,0
DA:34,0
DA:35,0
DA:36,0
DA:38,0
DA:41,0
DA:47,0
DA:51,0
DA:54,0
DA:57,2
DA:58,2
DA:59,0
DA:65,1
LF:21
LH:8
end_of_record
SF:wesm-ember-app/components/navbar/nav-item
DA:1,1
DA:4,1
DA:6,1
DA:11,0
DA:15,1
LF:5
LH:4
end_of_record
SF:wesm-ember-app/components/navbar/nav-items
DA:1,1
DA:4,1
DA:6,1
DA:8,1
LF:4
LH:4
end_of_record
SF:wesm-ember-app/adapters/application
DA:1,1
DA:4,1
DA:6,1
DA:11,1
LF:4
LH:4
end_of_record
SF:wesm-ember-app/models/portfolio-item
DA:1,1
DA:4,1
DA:6,1
DA:19,0
DA:24,0
DA:29,1
LF:6
LH:4
end_of_record
SF:wesm-ember-app/routes/application
DA:1,1
DA:4,1
DA:7,0
DA:14,0
LF:4
LH:2
end_of_record
SF:wesm-ember-app/routes/portfolio
DA:1,1
DA:4,1
DA:6,1
DA:8,1
LF:4
LH:4
end_of_record
SF:wesm-ember-app/routes/posts/post/edit
DA:1,1
DA:4,1
DA:6,1
DA:9,0
DA:12,0
DA:15,0
DA:16,0
DA:18,0
DA:19,0
DA:20,0
DA:21,0
DA:23,0
DA:28,0
DA:34,1
LF:14
LH:4
end_of_record
SF:wesm-ember-app/routes/posts/post
DA:1,1
DA:4,1
DA:6,1
DA:8,0
DA:13,0
DA:17,1
LF:6
LH:4
end_of_record
SF:wesm-ember-app/app
DA:1,1
DA:4,1
DA:6,1
DA:8,1
DA:15,1
DA:17,1
LF:6
LH:6
end_of_record
SF:wesm-ember-app/authorizers/application
DA:1,1
DA:4,1
DA:6,1
DA:8,1
LF:4
LH:4
end_of_record
SF:wesm-ember-app/components/app-version
DA:1,1
DA:5,1
DA:6,1
DA:8,1
LF:4
LH:4
end_of_record
SF:wesm-ember-app/controllers/array
DA:1,1
DA:4,1
LF:2
LH:2
end_of_record
SF:wesm-ember-app/controllers/object
DA:1,1
DA:4,1
LF:2
LH:2
end_of_record
SF:wesm-ember-app/helpers/limit
DA:1,1
DA:4,1
DA:6,1
DA:7,0
DA:8,0
DA:9,0
DA:12,1
DA:14,1
DA:15,1
LF:9
LH:6
end_of_record
SF:wesm-ember-app/helpers/moment-duration
DA:1,1
DA:4,1
DA:7,1
LF:3
LH:3
end_of_record
SF:wesm-ember-app/helpers/moment-format
DA:1,1
DA:4,1
LF:2
LH:2
end_of_record
SF:wesm-ember-app/helpers/moment-from-now
DA:1,1
DA:4,1
LF:2
LH:2
end_of_record
SF:wesm-ember-app/helpers/moment-to-now
DA:1,1
DA:4,1
LF:2
LH:2
end_of_record
SF:wesm-ember-app/helpers/pluralize
DA:1,1
DA:4,1
LF:2
LH:2
end_of_record
SF:wesm-ember-app/helpers/singularize
DA:1,1
DA:4,1
LF:2
LH:2
end_of_record
SF:wesm-ember-app/mixins/link-action
DA:1,1
DA:4,1
DA:7,1
LF:3
LH:3
end_of_record
SF:wesm-ember-app/models/post
DA:1,1
DA:4,1
DA:6,1
DA:17,0
DA:22,0
DA:27,1
LF:6
LH:4
end_of_record
SF:wesm-ember-app/resolver
DA:1,1
DA:4,1
LF:2
LH:2
end_of_record
SF:wesm-ember-app/serializers/application.disabled
DA:1,1
DA:4,1
DA:6,1
DA:9,0
DA:13,1
LF:5
LH:4
end_of_record
SF:wesm-ember-app/serializers/portfolio-item.disabled
DA:1,1
DA:4,1
DA:6,1
DA:9,0
DA:13,1
LF:5
LH:4
end_of_record
SF:wesm-ember-app/serializers/post.disabled
DA:1,1
DA:4,1
DA:6,1
DA:9,0
DA:13,1
LF:5
LH:4
end_of_record
SF:wesm-ember-app/session-stores/application
DA:1,1
DA:4,1
LF:2
LH:2
end_of_record