{"/Volumes/Files/Users/Wes/Code/Personal/wesmoberly.me/server/app/database/connection.coffee":{"path":"/Volumes/Files/Users/Wes/Code/Personal/wesmoberly.me/server/app/database/connection.coffee","s":{"1":0,"2":0,"3":0,"4":0,"5":0},"b":{},"f":{},"fnMap":{},"statementMap":{"1":{"start":{"line":6,"column":0},"end":{"line":6,"column":33}},"2":{"start":{"line":7,"column":0},"end":{"line":7,"column":48}},"3":{"start":{"line":10,"column":0},"end":{"line":10,"column":48}},"4":{"start":{"line":13,"column":0},"end":{"line":13,"column":43}},"5":{"start":{"line":15,"column":0},"end":{"line":15,"column":35}}},"branchMap":{}},"/Volumes/Files/Users/Wes/Code/Personal/wesmoberly.me/server/app/index.coffee":{"path":"/Volumes/Files/Users/Wes/Code/Personal/wesmoberly.me/server/app/index.coffee","s":{"1":0,"2":0,"3":0,"4":0,"5":0,"6":0,"7":0,"8":0,"9":0,"10":0,"11":0,"12":0,"13":0,"14":0,"15":0,"16":0,"17":0,"18":0,"19":0,"20":0,"21":0,"22":0,"23":0,"24":0,"25":0,"26":0,"27":0},"b":{"1":[0,0],"2":[0,0]},"f":{"1":0,"2":0,"3":0,"4":0},"fnMap":{"1":{"name":"startServer","line":41,"loc":{"start":{"line":41,"column":0},"end":{"line":41,"column":15}}},"2":{"name":"(anonymous_1)","line":43,"loc":{"start":{"line":43,"column":35},"end":{"line":43,"column":36}}},"3":{"name":"(anonymous_2)","line":53,"loc":{"start":{"line":53,"column":23},"end":{"line":53,"column":24}}},"4":{"name":"(anonymous_3)","line":54,"loc":{"start":{"line":54,"column":16},"end":{"line":54,"column":17}}}},"statementMap":{"1":{"start":{"line":6,"column":0},"end":{"line":6,"column":26}},"2":{"start":{"line":7,"column":0},"end":{"line":7,"column":29}},"3":{"start":{"line":8,"column":0},"end":{"line":8,"column":33}},"4":{"start":{"line":11,"column":0},"end":{"line":11,"column":45}},"5":{"start":{"line":14,"column":0},"end":{"line":14,"column":30}},"6":{"start":{"line":15,"column":0},"end":{"line":15,"column":64}},"7":{"start":{"line":15,"column":24},"end":{"line":15,"column":64}},"8":{"start":{"line":15,"column":26},"end":{"line":15,"column":50}},"9":{"start":{"line":18,"column":0},"end":{"line":18,"column":14}},"10":{"start":{"line":21,"column":0},"end":{"line":21,"column":36}},"11":{"start":{"line":24,"column":0},"end":{"line":24,"column":46}},"12":{"start":{"line":25,"column":0},"end":{"line":25,"column":24}},"13":{"start":{"line":28,"column":0},"end":{"line":28,"column":45}},"14":{"start":{"line":31,"column":0},"end":{"line":34,"column":0}},"15":{"start":{"line":37,"column":0},"end":{"line":39,"column":0}},"16":{"start":{"line":41,"column":0},"end":{"line":55,"column":0}},"17":{"start":{"line":43,"column":1},"end":{"line":53,"column":0}},"18":{"start":{"line":45,"column":2},"end":{"line":45,"column":73}},"19":{"start":{"line":48,"column":2},"end":{"line":53,"column":0}},"20":{"start":{"line":49,"column":3},"end":{"line":49,"column":25}},"21":{"start":{"line":50,"column":3},"end":{"line":50,"column":25}},"22":{"start":{"line":53,"column":1},"end":{"line":55,"column":0}},"23":{"start":{"line":54,"column":2},"end":{"line":54,"column":39}},"24":{"start":{"line":54,"column":19},"end":{"line":54,"column":39}},"25":{"start":{"line":56,"column":0},"end":{"line":58,"column":0}},"26":{"start":{"line":57,"column":1},"end":{"line":57,"column":13}},"27":{"start":{"line":59,"column":0},"end":{"line":59,"column":27}}},"branchMap":{"1":{"line":48,"type":"if","locations":[{"start":{"line":48,"column":2},"end":{"line":48,"column":2}},{"start":{"line":48,"column":2},"end":{"line":48,"column":2}}]},"2":{"line":56,"type":"if","locations":[{"start":{"line":56,"column":0},"end":{"line":56,"column":0}},{"start":{"line":56,"column":0},"end":{"line":56,"column":0}}]}}},"/Volumes/Files/Users/Wes/Code/Personal/wesmoberly.me/server/app/middlewares/rest-api.coffee":{"path":"/Volumes/Files/Users/Wes/Code/Personal/wesmoberly.me/server/app/middlewares/rest-api.coffee","s":{"1":0,"2":0,"3":0,"4":0,"5":0,"6":0,"7":0,"8":0,"9":0,"10":0,"11":0,"12":0,"13":0,"14":0,"15":0},"b":{"1":[0,0],"2":[0,0]},"f":{"1":0,"2":0,"3":0,"4":0},"fnMap":{"1":{"name":"module","line":9,"loc":{"start":{"line":9,"column":0},"end":{"line":9,"column":37}}},"2":{"name":"res","line":15,"loc":{"start":{"line":15,"column":1},"end":{"line":15,"column":58}}},"3":{"name":"res","line":23,"loc":{"start":{"line":23,"column":1},"end":{"line":23,"column":62}}},"4":{"name":"res","line":32,"loc":{"start":{"line":32,"column":1},"end":{"line":32,"column":32}}}},"statementMap":{"1":{"start":{"line":6,"column":0},"end":{"line":6,"column":19}},"2":{"start":{"line":9,"column":0},"end":{"line":48,"column":7}},"3":{"start":{"line":12,"column":1},"end":{"line":12,"column":49}},"4":{"start":{"line":15,"column":1},"end":{"line":23,"column":0}},"5":{"start":{"line":16,"column":2},"end":{"line":21,"column":2}},"6":{"start":{"line":23,"column":1},"end":{"line":32,"column":0}},"7":{"start":{"line":24,"column":2},"end":{"line":29,"column":2}},"8":{"start":{"line":32,"column":1},"end":{"line":48,"column":0}},"9":{"start":{"line":34,"column":2},"end":{"line":34,"column":37}},"10":{"start":{"line":34,"column":2},"end":{"line":34,"column":21}},"11":{"start":{"line":36,"column":2},"end":{"line":39,"column":38}},"12":{"start":{"line":37,"column":3},"end":{"line":37,"column":45}},"13":{"start":{"line":39,"column":3},"end":{"line":39,"column":38}},"14":{"start":{"line":41,"column":2},"end":{"line":45,"column":2}},"15":{"start":{"line":48,"column":1},"end":{"line":48,"column":6}}},"branchMap":{"1":{"line":34,"type":"if","locations":[{"start":{"line":34,"column":2},"end":{"line":34,"column":2}},{"start":{"line":34,"column":2},"end":{"line":34,"column":2}}]},"2":{"line":36,"type":"if","locations":[{"start":{"line":36,"column":2},"end":{"line":36,"column":2}},{"start":{"line":36,"column":2},"end":{"line":36,"column":2}}]}}},"/Volumes/Files/Users/Wes/Code/Personal/wesmoberly.me/server/app/models/blog-post.coffee":{"path":"/Volumes/Files/Users/Wes/Code/Personal/wesmoberly.me/server/app/models/blog-post.coffee","s":{"1":0,"2":0,"3":0,"4":0,"5":0,"6":0,"7":0,"8":0,"9":0,"10":0,"11":0,"12":0,"13":0},"b":{},"f":{"1":0},"fnMap":{"1":{"name":"(anonymous_1)","line":37,"loc":{"start":{"line":37,"column":30},"end":{"line":37,"column":31}}}},"statementMap":{"1":{"start":{"line":6,"column":0},"end":{"line":6,"column":29}},"2":{"start":{"line":7,"column":0},"end":{"line":7,"column":37}},"3":{"start":{"line":8,"column":0},"end":{"line":8,"column":48}},"4":{"start":{"line":9,"column":0},"end":{"line":9,"column":31}},"5":{"start":{"line":13,"column":0},"end":{"line":18,"column":27}},"6":{"start":{"line":19,"column":0},"end":{"line":33,"column":19}},"7":{"start":{"line":34,"column":0},"end":{"line":34,"column":50}},"8":{"start":{"line":37,"column":0},"end":{"line":37,"column":64}},"9":{"start":{"line":37,"column":33},"end":{"line":37,"column":62}},"10":{"start":{"line":40,"column":0},"end":{"line":44,"column":0}},"11":{"start":{"line":46,"column":0},"end":{"line":46,"column":38}},"12":{"start":{"line":48,"column":0},"end":{"line":48,"column":48}},"13":{"start":{"line":50,"column":0},"end":{"line":50,"column":21}}},"branchMap":{}},"/Volumes/Files/Users/Wes/Code/Personal/wesmoberly.me/server/app/models/portfolio-item.coffee":{"path":"/Volumes/Files/Users/Wes/Code/Personal/wesmoberly.me/server/app/models/portfolio-item.coffee","s":{"1":0,"2":0,"3":0,"4":0,"5":0,"6":0,"7":0,"8":0,"9":0,"10":0},"b":{},"f":{"1":0},"fnMap":{"1":{"name":"(anonymous_1)","line":42,"loc":{"start":{"line":42,"column":30},"end":{"line":42,"column":31}}}},"statementMap":{"1":{"start":{"line":6,"column":0},"end":{"line":6,"column":29}},"2":{"start":{"line":7,"column":0},"end":{"line":7,"column":33}},"3":{"start":{"line":8,"column":0},"end":{"line":8,"column":48}},"4":{"start":{"line":12,"column":0},"end":{"line":17,"column":27}},"5":{"start":{"line":18,"column":0},"end":{"line":38,"column":19}},"6":{"start":{"line":39,"column":0},"end":{"line":39,"column":50}},"7":{"start":{"line":42,"column":0},"end":{"line":42,"column":64}},"8":{"start":{"line":42,"column":33},"end":{"line":42,"column":62}},"9":{"start":{"line":45,"column":0},"end":{"line":49,"column":0}},"10":{"start":{"line":51,"column":0},"end":{"line":51,"column":58}}},"branchMap":{}},"/Volumes/Files/Users/Wes/Code/Personal/wesmoberly.me/server/app/routers/ember/index.coffee":{"path":"/Volumes/Files/Users/Wes/Code/Personal/wesmoberly.me/server/app/routers/ember/index.coffee","s":{"1":0,"2":0,"3":0,"4":0,"5":0,"6":0,"7":0},"b":{},"f":{"1":0},"fnMap":{"1":{"name":"(anonymous_1)","line":12,"loc":{"start":{"line":12,"column":11},"end":{"line":12,"column":31}}}},"statementMap":{"1":{"start":{"line":6,"column":0},"end":{"line":6,"column":26}},"2":{"start":{"line":9,"column":0},"end":{"line":9,"column":24}},"3":{"start":{"line":12,"column":0},"end":{"line":14,"column":0}},"4":{"start":{"line":13,"column":1},"end":{"line":13,"column":45}},"5":{"start":{"line":13,"column":17},"end":{"line":13,"column":43}},"6":{"start":{"line":13,"column":19},"end":{"line":13,"column":29}},"7":{"start":{"line":15,"column":0},"end":{"line":15,"column":22}}},"branchMap":{}},"/Volumes/Files/Users/Wes/Code/Personal/wesmoberly.me/server/app/routers/rest-api/blog.coffee":{"path":"/Volumes/Files/Users/Wes/Code/Personal/wesmoberly.me/server/app/routers/rest-api/blog.coffee","s":{"1":0,"2":0,"3":0,"4":0,"5":0,"6":0,"7":0,"8":0,"9":0},"b":{},"f":{},"fnMap":{},"statementMap":{"1":{"start":{"line":6,"column":0},"end":{"line":6,"column":25}},"2":{"start":{"line":7,"column":0},"end":{"line":7,"column":23}},"3":{"start":{"line":8,"column":0},"end":{"line":8,"column":26}},"4":{"start":{"line":11,"column":0},"end":{"line":11,"column":54}},"5":{"start":{"line":11,"column":21},"end":{"line":11,"column":54}},"6":{"start":{"line":11,"column":23},"end":{"line":11,"column":34}},"7":{"start":{"line":14,"column":0},"end":{"line":14,"column":24}},"8":{"start":{"line":16,"column":0},"end":{"line":16,"column":35}},"9":{"start":{"line":138,"column":0},"end":{"line":138,"column":22}}},"branchMap":{}},"/Volumes/Files/Users/Wes/Code/Personal/wesmoberly.me/server/app/routers/rest-api/index.coffee":{"path":"/Volumes/Files/Users/Wes/Code/Personal/wesmoberly.me/server/app/routers/rest-api/index.coffee","s":{"1":0,"2":0,"3":0,"4":0,"5":0,"6":0,"7":0},"b":{},"f":{},"fnMap":{},"statementMap":{"1":{"start":{"line":6,"column":0},"end":{"line":6,"column":26}},"2":{"start":{"line":9,"column":0},"end":{"line":9,"column":24}},"3":{"start":{"line":12,"column":0},"end":{"line":12,"column":28}},"4":{"start":{"line":13,"column":0},"end":{"line":13,"column":30}},"5":{"start":{"line":16,"column":0},"end":{"line":16,"column":38}},"6":{"start":{"line":17,"column":0},"end":{"line":17,"column":45}},"7":{"start":{"line":19,"column":0},"end":{"line":19,"column":22}}},"branchMap":{}},"/Volumes/Files/Users/Wes/Code/Personal/wesmoberly.me/server/app/routers/rest-api/portfolio.coffee":{"path":"/Volumes/Files/Users/Wes/Code/Personal/wesmoberly.me/server/app/routers/rest-api/portfolio.coffee","s":{"1":0,"2":0,"3":0,"4":0,"5":0,"6":0,"7":0,"8":0,"9":0,"10":0,"11":0,"12":0,"13":0,"14":0,"15":0,"16":0,"17":0,"18":0,"19":0,"20":0,"21":0,"22":0,"23":0,"24":0,"25":0,"26":0,"27":0,"28":0,"29":0,"30":0,"31":0,"32":0,"33":0,"34":0,"35":0,"36":0,"37":0,"38":0,"39":0,"40":0,"41":0,"42":0,"43":0,"44":0,"45":0},"b":{"1":[0,0],"2":[0,0],"3":[0,0],"4":[0,0],"5":[0,0]},"f":{"1":0,"2":0,"3":0,"4":0,"5":0,"6":0,"7":0,"8":0,"9":0,"10":0,"11":0,"12":0,"13":0},"fnMap":{"1":{"name":"(anonymous_1)","line":17,"loc":{"start":{"line":17,"column":11},"end":{"line":17,"column":31}}},"2":{"name":"req","line":20,"loc":{"start":{"line":20,"column":1},"end":{"line":20,"column":30}}},"3":{"name":"res","line":43,"loc":{"start":{"line":43,"column":1},"end":{"line":43,"column":32}}},"4":{"name":"(anonymous_2)","line":58,"loc":{"start":{"line":58,"column":6},"end":{"line":58,"column":20}}},"5":{"name":"(anonymous_3)","line":65,"loc":{"start":{"line":65,"column":34},"end":{"line":65,"column":54}}},"6":{"name":"(anonymous_4)","line":73,"loc":{"start":{"line":73,"column":7},"end":{"line":73,"column":21}}},"7":{"name":"(anonymous_5)","line":79,"loc":{"start":{"line":79,"column":35},"end":{"line":79,"column":55}}},"8":{"name":"(anonymous_6)","line":90,"loc":{"start":{"line":90,"column":6},"end":{"line":90,"column":20}}},"9":{"name":"(anonymous_7)","line":97,"loc":{"start":{"line":97,"column":37},"end":{"line":97,"column":57}}},"10":{"name":"(anonymous_8)","line":105,"loc":{"start":{"line":105,"column":8},"end":{"line":105,"column":22}}},"11":{"name":"(anonymous_9)","line":115,"loc":{"start":{"line":115,"column":57},"end":{"line":115,"column":77}}},"12":{"name":"(anonymous_10)","line":123,"loc":{"start":{"line":123,"column":9},"end":{"line":123,"column":23}}},"13":{"name":"(anonymous_11)","line":130,"loc":{"start":{"line":130,"column":46},"end":{"line":130,"column":66}}}},"statementMap":{"1":{"start":{"line":6,"column":0},"end":{"line":6,"column":25}},"2":{"start":{"line":7,"column":0},"end":{"line":7,"column":23}},"3":{"start":{"line":8,"column":0},"end":{"line":8,"column":26}},"4":{"start":{"line":11,"column":0},"end":{"line":11,"column":64}},"5":{"start":{"line":11,"column":26},"end":{"line":11,"column":64}},"6":{"start":{"line":11,"column":28},"end":{"line":11,"column":39}},"7":{"start":{"line":14,"column":0},"end":{"line":14,"column":24}},"8":{"start":{"line":17,"column":0},"end":{"line":51,"column":0}},"9":{"start":{"line":20,"column":1},"end":{"line":43,"column":0}},"10":{"start":{"line":23,"column":2},"end":{"line":33,"column":2}},"11":{"start":{"line":36,"column":2},"end":{"line":36,"column":44}},"12":{"start":{"line":39,"column":2},"end":{"line":39,"column":43}},"13":{"start":{"line":41,"column":2},"end":{"line":41,"column":17}},"14":{"start":{"line":43,"column":1},"end":{"line":50,"column":0}},"15":{"start":{"line":45,"column":2},"end":{"line":47,"column":29}},"16":{"start":{"line":50,"column":1},"end":{"line":50,"column":6}},"17":{"start":{"line":55,"column":0},"end":{"line":86,"column":28}},"18":{"start":{"line":61,"column":2},"end":{"line":65,"column":1}},"19":{"start":{"line":65,"column":2},"end":{"line":70,"column":2}},"20":{"start":{"line":66,"column":3},"end":{"line":69,"column":43}},"21":{"start":{"line":67,"column":4},"end":{"line":67,"column":18}},"22":{"start":{"line":69,"column":4},"end":{"line":69,"column":43}},"23":{"start":{"line":76,"column":2},"end":{"line":76,"column":36}},"24":{"start":{"line":79,"column":2},"end":{"line":84,"column":2}},"25":{"start":{"line":80,"column":3},"end":{"line":83,"column":43}},"26":{"start":{"line":81,"column":4},"end":{"line":81,"column":18}},"27":{"start":{"line":83,"column":4},"end":{"line":83,"column":43}},"28":{"start":{"line":87,"column":0},"end":{"line":136,"column":0}},"29":{"start":{"line":93,"column":2},"end":{"line":97,"column":1}},"30":{"start":{"line":97,"column":2},"end":{"line":102,"column":2}},"31":{"start":{"line":98,"column":3},"end":{"line":101,"column":43}},"32":{"start":{"line":99,"column":4},"end":{"line":99,"column":18}},"33":{"start":{"line":101,"column":4},"end":{"line":101,"column":43}},"34":{"start":{"line":108,"column":2},"end":{"line":112,"column":1}},"35":{"start":{"line":112,"column":2},"end":{"line":112,"column":36}},"36":{"start":{"line":115,"column":2},"end":{"line":120,"column":2}},"37":{"start":{"line":116,"column":3},"end":{"line":119,"column":43}},"38":{"start":{"line":117,"column":4},"end":{"line":117,"column":18}},"39":{"start":{"line":119,"column":4},"end":{"line":119,"column":43}},"40":{"start":{"line":126,"column":2},"end":{"line":130,"column":1}},"41":{"start":{"line":130,"column":2},"end":{"line":135,"column":2}},"42":{"start":{"line":131,"column":3},"end":{"line":134,"column":43}},"43":{"start":{"line":132,"column":4},"end":{"line":132,"column":18}},"44":{"start":{"line":134,"column":4},"end":{"line":134,"column":43}},"45":{"start":{"line":137,"column":0},"end":{"line":137,"column":22}}},"branchMap":{"1":{"line":66,"type":"if","locations":[{"start":{"line":66,"column":3},"end":{"line":66,"column":3}},{"start":{"line":66,"column":3},"end":{"line":66,"column":3}}]},"2":{"line":80,"type":"if","locations":[{"start":{"line":80,"column":3},"end":{"line":80,"column":3}},{"start":{"line":80,"column":3},"end":{"line":80,"column":3}}]},"3":{"line":98,"type":"if","locations":[{"start":{"line":98,"column":3},"end":{"line":98,"column":3}},{"start":{"line":98,"column":3},"end":{"line":98,"column":3}}]},"4":{"line":116,"type":"if","locations":[{"start":{"line":116,"column":3},"end":{"line":116,"column":3}},{"start":{"line":116,"column":3},"end":{"line":116,"column":3}}]},"5":{"line":131,"type":"if","locations":[{"start":{"line":131,"column":3},"end":{"line":131,"column":3}},{"start":{"line":131,"column":3},"end":{"line":131,"column":3}}]}}},"/Volumes/Files/Users/Wes/Code/Personal/wesmoberly.me/server/bin/express-server-daemon.coffee":{"path":"/Volumes/Files/Users/Wes/Code/Personal/wesmoberly.me/server/bin/express-server-daemon.coffee","s":{"1":0,"2":0,"3":0,"4":0,"5":0,"6":0,"7":0,"8":0,"9":0,"10":0,"11":0,"12":0,"13":0,"14":0,"15":0,"16":0,"17":0,"18":0,"19":0,"20":0,"21":0,"22":0,"23":0,"24":0,"25":0},"b":{"1":[0,0]},"f":{"1":0,"2":0,"3":0,"4":0,"5":0,"6":0},"fnMap":{"1":{"name":"createWorker","line":16,"loc":{"start":{"line":16,"column":0},"end":{"line":16,"column":16}}},"2":{"name":"(anonymous_1)","line":24,"loc":{"start":{"line":24,"column":19},"end":{"line":24,"column":36}}},"3":{"name":"createWorkers","line":35,"loc":{"start":{"line":35,"column":0},"end":{"line":35,"column":32}}},"4":{"name":"killAllWorkers","line":44,"loc":{"start":{"line":44,"column":0},"end":{"line":44,"column":29}}},"5":{"name":"(anonymous_2)","line":53,"loc":{"start":{"line":53,"column":21},"end":{"line":53,"column":22}}},"6":{"name":"(anonymous_3)","line":60,"loc":{"start":{"line":60,"column":22},"end":{"line":60,"column":23}}}},"statementMap":{"1":{"start":{"line":3,"column":0},"end":{"line":3,"column":20}},"2":{"start":{"line":6,"column":0},"end":{"line":6,"column":21}},"3":{"start":{"line":7,"column":0},"end":{"line":7,"column":26}},"4":{"start":{"line":10,"column":0},"end":{"line":10,"column":29}},"5":{"start":{"line":16,"column":0},"end":{"line":28,"column":0}},"6":{"start":{"line":18,"column":1},"end":{"line":27,"column":24}},"7":{"start":{"line":20,"column":2},"end":{"line":20,"column":23}},"8":{"start":{"line":24,"column":2},"end":{"line":24,"column":52}},"9":{"start":{"line":24,"column":39},"end":{"line":24,"column":52}},"10":{"start":{"line":27,"column":2},"end":{"line":27,"column":24}},"11":{"start":{"line":35,"column":0},"end":{"line":35,"column":65}},"12":{"start":{"line":35,"column":50},"end":{"line":35,"column":65}},"13":{"start":{"line":35,"column":58},"end":{"line":35,"column":63}},"14":{"start":{"line":35,"column":35},"end":{"line":35,"column":48}},"15":{"start":{"line":44,"column":0},"end":{"line":49,"column":0}},"16":{"start":{"line":45,"column":1},"end":{"line":49,"column":0}},"17":{"start":{"line":46,"column":2},"end":{"line":46,"column":37}},"18":{"start":{"line":47,"column":2},"end":{"line":47,"column":28}},"19":{"start":{"line":48,"column":2},"end":{"line":48,"column":27}},"20":{"start":{"line":53,"column":0},"end":{"line":56,"column":0}},"21":{"start":{"line":54,"column":1},"end":{"line":54,"column":24}},"22":{"start":{"line":55,"column":1},"end":{"line":55,"column":15}},"23":{"start":{"line":60,"column":0},"end":{"line":63,"column":17}},"24":{"start":{"line":61,"column":1},"end":{"line":61,"column":24}},"25":{"start":{"line":64,"column":0},"end":{"line":64,"column":14}}},"branchMap":{"1":{"line":18,"type":"if","locations":[{"start":{"line":18,"column":1},"end":{"line":18,"column":1}},{"start":{"line":18,"column":1},"end":{"line":18,"column":1}}]}}}}