TN:
SF:/Volumes/Files/Users/Wes/Code/Personal/wesmoberly.me/server/app/database/connection.coffee
FNF:0
FNH:0
DA:6,0
DA:7,0
DA:10,0
DA:13,0
DA:15,0
LF:5
LH:0
BRF:0
BRH:0
end_of_record
TN:
SF:/Volumes/Files/Users/Wes/Code/Personal/wesmoberly.me/server/app/index.coffee
FN:41,startServer
FN:43,(anonymous_1)
FN:53,(anonymous_2)
FN:54,(anonymous_3)
FNF:4
FNH:0
FNDA:0,startServer
FNDA:0,(anonymous_1)
FNDA:0,(anonymous_2)
FNDA:0,(anonymous_3)
DA:6,0
DA:7,0
DA:8,0
DA:11,0
DA:14,0
DA:15,0
DA:18,0
DA:21,0
DA:24,0
DA:25,0
DA:28,0
DA:31,0
DA:37,0
DA:41,0
DA:43,0
DA:45,0
DA:48,0
DA:49,0
DA:50,0
DA:53,0
DA:54,0
DA:56,0
DA:57,0
DA:59,0
LF:24
LH:0
BRDA:48,1,0,0
BRDA:48,1,1,0
BRDA:56,2,0,0
BRDA:56,2,1,0
BRF:4
BRH:0
end_of_record
TN:
SF:/Volumes/Files/Users/Wes/Code/Personal/wesmoberly.me/server/app/middlewares/rest-api.coffee
FN:9,module
FN:15,res
FN:23,res
FN:32,res
FNF:4
FNH:0
FNDA:0,module
FNDA:0,res
FNDA:0,res
FNDA:0,res
DA:6,0
DA:9,0
DA:12,0
DA:15,0
DA:16,0
DA:23,0
DA:24,0
DA:32,0
DA:34,0
DA:36,0
DA:37,0
DA:39,0
DA:41,0
DA:48,0
LF:14
LH:0
BRDA:34,1,0,0
BRDA:34,1,1,0
BRDA:36,2,0,0
BRDA:36,2,1,0
BRF:4
BRH:0
end_of_record
TN:
SF:/Volumes/Files/Users/Wes/Code/Personal/wesmoberly.me/server/app/models/blog-post.coffee
FN:37,(anonymous_1)
FNF:1
FNH:0
FNDA:0,(anonymous_1)
DA:6,0
DA:7,0
DA:8,0
DA:9,0
DA:13,0
DA:19,0
DA:34,0
DA:37,0
DA:40,0
DA:46,0
DA:48,0
DA:50,0
LF:12
LH:0
BRF:0
BRH:0
end_of_record
TN:
SF:/Volumes/Files/Users/Wes/Code/Personal/wesmoberly.me/server/app/models/portfolio-item.coffee
FN:42,(anonymous_1)
FNF:1
FNH:0
FNDA:0,(anonymous_1)
DA:6,0
DA:7,0
DA:8,0
DA:12,0
DA:18,0
DA:39,0
DA:42,0
DA:45,0
DA:51,0
LF:9
LH:0
BRF:0
BRH:0
end_of_record
TN:
SF:/Volumes/Files/Users/Wes/Code/Personal/wesmoberly.me/server/app/routers/ember/index.coffee
FN:12,(anonymous_1)
FNF:1
FNH:0
FNDA:0,(anonymous_1)
DA:6,0
DA:9,0
DA:12,0
DA:13,0
DA:15,0
LF:5
LH:0
BRF:0
BRH:0
end_of_record
TN:
SF:/Volumes/Files/Users/Wes/Code/Personal/wesmoberly.me/server/app/routers/rest-api/blog.coffee
FNF:0
FNH:0
DA:6,0
DA:7,0
DA:8,0
DA:11,0
DA:14,0
DA:16,0
DA:138,0
LF:7
LH:0
BRF:0
BRH:0
end_of_record
TN:
SF:/Volumes/Files/Users/Wes/Code/Personal/wesmoberly.me/server/app/routers/rest-api/index.coffee
FNF:0
FNH:0
DA:6,0
DA:9,0
DA:12,0
DA:13,0
DA:16,0
DA:17,0
DA:19,0
LF:7
LH:0
BRF:0
BRH:0
end_of_record
TN:
SF:/Volumes/Files/Users/Wes/Code/Personal/wesmoberly.me/server/app/routers/rest-api/portfolio.coffee
FN:17,(anonymous_1)
FN:20,req
FN:43,res
FN:58,(anonymous_2)
FN:65,(anonymous_3)
FN:73,(anonymous_4)
FN:79,(anonymous_5)
FN:90,(anonymous_6)
FN:97,(anonymous_7)
FN:105,(anonymous_8)
FN:115,(anonymous_9)
FN:123,(anonymous_10)
FN:130,(anonymous_11)
FNF:13
FNH:0
FNDA:0,(anonymous_1)
FNDA:0,req
FNDA:0,res
FNDA:0,(anonymous_2)
FNDA:0,(anonymous_3)
FNDA:0,(anonymous_4)
FNDA:0,(anonymous_5)
FNDA:0,(anonymous_6)
FNDA:0,(anonymous_7)
FNDA:0,(anonymous_8)
FNDA:0,(anonymous_9)
FNDA:0,(anonymous_10)
FNDA:0,(anonymous_11)
DA:6,0
DA:7,0
DA:8,0
DA:11,0
DA:14,0
DA:17,0
DA:20,0
DA:23,0
DA:36,0
DA:39,0
DA:41,0
DA:43,0
DA:45,0
DA:50,0
DA:55,0
DA:61,0
DA:65,0
DA:66,0
DA:67,0
DA:69,0
DA:76,0
DA:79,0
DA:80,0
DA:81,0
DA:83,0
DA:87,0
DA:93,0
DA:97,0
DA:98,0
DA:99,0
DA:101,0
DA:108,0
DA:112,0
DA:115,0
DA:116,0
DA:117,0
DA:119,0
DA:126,0
DA:130,0
DA:131,0
DA:132,0
DA:134,0
DA:137,0
LF:43
LH:0
BRDA:66,1,0,0
BRDA:66,1,1,0
BRDA:80,2,0,0
BRDA:80,2,1,0
BRDA:98,3,0,0
BRDA:98,3,1,0
BRDA:116,4,0,0
BRDA:116,4,1,0
BRDA:131,5,0,0
BRDA:131,5,1,0
BRF:10
BRH:0
end_of_record
TN:
SF:/Volumes/Files/Users/Wes/Code/Personal/wesmoberly.me/server/bin/express-server-daemon.coffee
FN:16,createWorker
FN:24,(anonymous_1)
FN:35,createWorkers
FN:44,killAllWorkers
FN:53,(anonymous_2)
FN:60,(anonymous_3)
FNF:6
FNH:0
FNDA:0,createWorker
FNDA:0,(anonymous_1)
FNDA:0,createWorkers
FNDA:0,killAllWorkers
FNDA:0,(anonymous_2)
FNDA:0,(anonymous_3)
DA:3,0
DA:6,0
DA:7,0
DA:10,0
DA:16,0
DA:18,0
DA:20,0
DA:24,0
DA:27,0
DA:35,0
DA:44,0
DA:45,0
DA:46,0
DA:47,0
DA:48,0
DA:53,0
DA:54,0
DA:55,0
DA:60,0
DA:61,0
DA:64,0
LF:21
LH:0
BRDA:18,1,0,0
BRDA:18,1,1,0
BRF:2
BRH:0
end_of_record
